<?xml version="1.0" encoding="UTF-8"?>
<!-- Generated by org.testng.reporters.JUnitReportReporter -->
<testsuite hostname="MSI" failures="0" tests="1" name="com.qaautomation.functionaltests.HomePageTests" time="12.779" errors="0" timestamp="2025-03-13T19:10:46 IST" skipped="0">
  <testcase classname="com.qaautomation.functionaltests.HomePageTests" name="TC006_InsurnaceProjectTabValidation" time="12.779"/>
</testsuite> <!-- com.qaautomation.functionaltests.HomePageTests -->
