<?xml version="1.0" encoding="UTF-8"?>
<!-- Generated by org.testng.reporters.JUnitReportReporter -->
<testsuite hostname="MSI" failures="0" tests="4" name="com.qaautomation.functionaltests.LoginTests" time="37.074" errors="0" timestamp="2025-03-13T19:35:50 IST" skipped="0">
  <testcase classname="com.qaautomation.functionaltests.LoginTests" name="TC001_LoginWithValidCredentials" time="9.577"/>
  <testcase classname="com.qaautomation.functionaltests.LoginTests" name="TC002_LoginWithInValidCredentials" time="8.496"/>
  <testcase classname="com.qaautomation.functionaltests.LoginTests" name="TC003_LoginWithoutCredentials" time="9.504"/>
  <testcase classname="com.qaautomation.functionaltests.LoginTests" name="TC004_LoginWithEnter" time="9.497"/>
</testsuite> <!-- com.qaautomation.functionaltests.LoginTests -->
